<?xml version="1.0" encoding="UTF-8"?>
<!-- Generated by org.testng.reporters.JUnitReportReporter -->
<testsuite hostname="TISED-073" failures="0" tests="2" name="testcases.LogoutTest" time="44.406" errors="0" timestamp="2024-09-30T18:02:33 IST" skipped="0">
  <testcase classname="testcases.LogoutTest" name="verifyInvestorLogoutAction" time="21.864"/>
  <testcase classname="testcases.LogoutTest" name="verifyInvestorGoHomeAction" time="22.542"/>
</testsuite> <!-- testcases.LogoutTest -->
