<?xml version="1.0" encoding="UTF-8"?>
<!-- Generated by org.testng.reporters.JUnitReportReporter -->
<testsuite hostname="TISED-073" failures="0" tests="5" name="testcases.LoginTest" time="70.641" errors="0" timestamp="2024-09-30T17:16:24 IST" skipped="0">
  <testcase classname="testcases.LoginTest" name="verifyInvestorLoginWithoutCredentials" time="10.216"/>
  <testcase classname="testcases.LoginTest" name="verifyInvestorLoginWithoutPasswordCredentials" time="12.539"/>
  <testcase classname="testcases.LoginTest" name="verifyInvestorLoginWithoutEmailCredentials" time="12.841"/>
  <testcase classname="testcases.LoginTest" name="verifyInvestorLoginWithInvalidCredentials" time="17.167"/>
  <testcase classname="testcases.LoginTest" name="verifyInvestorLoginWithvalidCredentials" time="17.878"/>
</testsuite> <!-- testcases.LoginTest -->
