<?xml version="1.0" encoding="UTF-8"?>
<!-- Generated by org.testng.reporters.JUnitReportReporter -->
<testsuite hostname="TISED-073" failures="0" tests="1" name="testcases.LogoutTest" time="21.387" errors="0" timestamp="2024-10-01T16:47:28 IST" skipped="0">
  <testcase classname="testcases.LogoutTest" name="verifyInvestorLogoutAction" time="21.387"/>
</testsuite> <!-- testcases.LogoutTest -->
